Chat Log - Session started at 2025-10-29 01:19:00
================================================================================

[2025-10-29 01:19:05] User:
Hello, how are you today?

[2025-10-29 01:19:06] Assistant:
I'm doing well, thank you for asking! I'm here to help you with whatever you need. How can I assist you today?

[Metadata: provider=local, model=phi3-mini.gguf, time=0.85s, tokens=28, speed=32.94 tok/s]

--------------------------------------------------------------------------------

[2025-10-29 01:19:15] User:
Can you tell me what the weather is like?

[2025-10-29 01:19:16] Assistant:
I don't have access to real-time weather information. To get current weather conditions, I recommend checking a weather service like weather.com or using your device's weather app. Is there something else I can help you with?

[Metadata: provider=local, model=phi3-mini.gguf, time=1.12s, tokens=45, speed=40.18 tok/s]

--------------------------------------------------------------------------------

[2025-10-29 01:19:30] User:
What's 2 + 2?

[2025-10-29 01:19:31] Assistant:
2 + 2 equals 4.

[Metadata: provider=local, model=phi3-mini.gguf, time=0.32s, tokens=8, speed=25.00 tok/s]

--------------------------------------------------------------------------------


